#
# A fatal error has been detected by the Java Runtime Environment:
#
#  SIGSEGV (0xb) at pc=0x000070d9782052a7, pid=362068, tid=362069
#
# JRE version: OpenJDK Runtime Environment (22.0.2+9) (build 22.0.2+9-70)
# Java VM: OpenJDK 64-Bit Server VM (22.0.2+9-70, mixed mode, sharing, tiered, compressed oops, compressed class ptrs, g1 gc, linux-amd64)
# Problematic frame:
# C  [libsysinfo.so+0xa2a7]  USBInfo::vendorID(int, int)+0x41
#
# Core dump will be written. Default location: Core dumps may be processed with "/usr/share/apport/apport -p%p -s%s -c%c -d%d -P%P -u%u -g%g -- %E" (or dumping to /home/mfennelly/ise/comp-org/cs4421/project/core.362068)
#
# If you would like to submit a bug report, please visit:
#   https://bugreport.java.com/bugreport/crash.jsp
# The crash happened outside the Java Virtual Machine in native code.
# See problematic frame for where to report the bug.
#

---------------  S U M M A R Y ------------

Command Line: -Djava.library.path=libsysinfo template

Host: 13th Gen Intel(R) Core(TM) i7-13700H, 20 cores, 15G, Ubuntu 22.04.3 LTS
Time: Sun Oct 20 17:27:32 2024 BST elapsed time: 1.173780 seconds (0d 0h 0m 1s)

---------------  T H R E A D  ---------------

Current thread (0x000070d99c02bdb0):  JavaThread "main"             [_thread_in_native, id=362069, stack(0x000070d9a3300000,0x000070d9a3400000) (1024K)]

Stack: [0x000070d9a3300000,0x000070d9a3400000],  sp=0x000070d9a33fe790,  free space=1017k
Native frames: (J=compiled Java code, j=interpreted, Vv=VM code, C=native code)
C  [libsysinfo.so+0xa2a7]  USBInfo::vendorID(int, int)+0x41
C  [libsysinfo.so+0xa17c]  Java_usbInfo_vendorID+0x31
J 608  usbInfo.vendorID(II)I (0 bytes) @ 0x000070d98c7c1ce3 [0x000070d98c7c1c20+0x00000000000000c3]
j  template.showUSB()V+81
j  template.main([Ljava/lang/String;)V+32
v  ~StubRoutines::call_stub 0x000070d98c05fcc6
V  [libjvm.so+0x8f37db]  JavaCalls::call_helper(JavaValue*, methodHandle const&, JavaCallArguments*, JavaThread*)+0x2db
V  [libjvm.so+0x9a45fe]  jni_invoke_static(JNIEnv_*, JavaValue*, _jobject*, JNICallType, _jmethodID*, JNI_ArgumentPusher*, JavaThread*) [clone .constprop.1]+0x36e
V  [libjvm.so+0x9a6ec8]  jni_CallStaticVoidMethod+0x128
C  [libjli.so+0x3960]  invokeStaticMainWithArgs+0x70
C  [libjli.so+0x4924]  JavaMain+0xd84
C  [libjli.so+0x7ee9]  ThreadJavaMain+0x9
Java frames: (J=compiled Java code, j=interpreted, Vv=VM code)
J 608  usbInfo.vendorID(II)I (0 bytes) @ 0x000070d98c7c1c70 [0x000070d98c7c1c20+0x0000000000000050]
j  template.showUSB()V+81
j  template.main([Ljava/lang/String;)V+32
v  ~StubRoutines::call_stub 0x000070d98c05fcc6

siginfo: si_signo: 11 (SIGSEGV), si_code: 2 (SEGV_ACCERR), si_addr: 0x000070d978300000

Registers:
RAX=0x000070d978300000, RBX=0x000070d918402ed0, RCX=0x000070d9782fbd00, RDX=0x0000000000000004
RSP=0x000070d9a33fe790, RBP=0x000070d9a33fe790, RSI=0x0000000000003ee8, RDI=0x000070d9782fbd00
R8 =0x0000000000000002, R9 =0x0000000719a040c0, R10=0x000070d98c7c1c70, R11=0x000070d98c7c1c40
R12=0x0000000000000000, R13=0x000070d9a33fe820, R14=0x0000000000000000, R15=0x000070d99c02bdb0
RIP=0x000070d9782052a7, EFLAGS=0x0000000000010216, CSGSFS=0x002b000000000033, ERR=0x0000000000000004
  TRAPNO=0x000000000000000e


Register to memory mapping:

RAX=0x000070d978300000 is pointing into the stack for thread: 0x000070d99c1bb820
RBX={method} {0x000070d918402ed0} 'vendorID' '(II)I' in 'usbInfo'
RCX=0x000070d9782fbd00: usb+0x0000000000000000 in /home/mfennelly/ise/comp-org/cs4421/project/libsysinfo/libsysinfo.so at 0x000070d9781fb000
RDX=0x0000000000000004 is an unknown value
RSP=0x000070d9a33fe790 is pointing into the stack for thread: 0x000070d99c02bdb0
RBP=0x000070d9a33fe790 is pointing into the stack for thread: 0x000070d99c02bdb0
RSI=0x0000000000003ee8 is an unknown value
RDI=0x000070d9782fbd00: usb+0x0000000000000000 in /home/mfennelly/ise/comp-org/cs4421/project/libsysinfo/libsysinfo.so at 0x000070d9781fb000
R8 =0x0000000000000002 is an unknown value
R9 =0x0000000719a040c0 is an oop: java.io.FileDescriptor 
{0x0000000719a040c0} - klass: 'java/io/FileDescriptor'
 - ---- fields (total size 5 words):
 - private 'fd' 'I' @12  1 (0x00000001)
 - private 'handle' 'J' @16  -1 (0xffffffffffffffff)
 - private 'closed' 'Z' @24  false (0x00)
 - private 'append' 'Z' @25  true (0x01)
 - private 'parent' 'Ljava/io/Closeable;' @28  a 'java/io/FileOutputStream'{0x0000000719a04120} (0xe3340824)
 - private 'otherParents' 'Ljava/util/List;' @32  null (0x00000000)
 - private 'cleanup' 'Ljdk/internal/ref/PhantomCleanable;' @36  null (0x00000000)
R10=0x000070d98c7c1c70 is at entry_point+80 in (nmethod*)0x000070d98c7c1a90
Compiled method (n/a) 1179  608     n 0       usbInfo::vendorID (native)
 total in heap  [0x000070d98c7c1a90,0x000070d98c7c1e00] = 880
 relocation     [0x000070d98c7c1be0,0x000070d98c7c1c10] = 48
 main code      [0x000070d98c7c1c20,0x000070d98c7c1df4] = 468
 stub code      [0x000070d98c7c1df4,0x000070d98c7c1df8] = 4
 oops           [0x000070d98c7c1df8,0x000070d98c7c1e00] = 8
R11=0x000070d98c7c1c40 is at entry_point+32 in (nmethod*)0x000070d98c7c1a90
Compiled method (n/a) 1179  608     n 0       usbInfo::vendorID (native)
 total in heap  [0x000070d98c7c1a90,0x000070d98c7c1e00] = 880
 relocation     [0x000070d98c7c1be0,0x000070d98c7c1c10] = 48
 main code      [0x000070d98c7c1c20,0x000070d98c7c1df4] = 468
 stub code      [0x000070d98c7c1df4,0x000070d98c7c1df8] = 4
 oops           [0x000070d98c7c1df8,0x000070d98c7c1e00] = 8
R12=0x0 is null
R13=0x000070d9a33fe820 is pointing into the stack for thread: 0x000070d99c02bdb0
R14=0x0 is null
R15=0x000070d99c02bdb0 is a thread

Top of Stack: (sp=0x000070d9a33fe790)
0x000070d9a33fe790:   000070d9a33fe7c0 000070d97820517c
0x000070d9a33fe7a0:   0000000100000001 00000004000007dd
0x000070d9a33fe7b0:   000070d9a33fe7d0 000070d99c02c170
0x000070d9a33fe7c0:   000070d9a33fe810 000070d98c7c1ce3
0x000070d9a33fe7d0:   0000000719895e80 0000000000000002
0x000070d9a33fe7e0:   000070d9a33fe830 000070d9a26e88ee
0x000070d9a33fe7f0:   000070d9184000c0 000070d99c02bdb0
0x000070d9a33fe800:   0000000719895e80 00000000000000bd
0x000070d9a33fe810:   000070d9a33fe8b8 000070d98c067328
0x000070d9a33fe820:   00000000000007dd 0000000000000004
0x000070d9a33fe830:   0000000719895e80 0000000000000000
0x000070d9a33fe840:   00000007197b7600 00000007197b7600
0x000070d9a33fe850:   00000007198273a8 00000000000007dd
0x000070d9a33fe860:   0000000000000004 0000000719a04210
0x000070d9a33fe870:   fffffffffffffff7 000070d918400a21
0x000070d9a33fe880:   0000000000000004 000070d918401140
0x000070d9a33fe890:   0000000000000000 0000000719a13310
0x000070d9a33fe8a0:   000070d918400a78 ffffffffffffffed
0x000070d9a33fe8b0:   000070d9a33fe8e0 000070d9a33fe928
0x000070d9a33fe8c0:   000070d98c0671e0 00000000000007dd
0x000070d9a33fe8d0:   0000000000000004 0000000719895e80
0x000070d9a33fe8e0:   fffffffffffffff7 000070d918400c48
0x000070d9a33fe8f0:   0000000000000004 000070d918401140
0x000070d9a33fe900:   0000000000000000 0000000719a13310
0x000070d9a33fe910:   000070d918400c58 fffffffffffffff7
0x000070d9a33fe920:   000070d9a33fe948 000070d9a33fe9b0
0x000070d9a33fe930:   000070d98c05fcc6 0000000719a153c0
0x000070d9a33fe940:   0000000719a14b50 0000000719a138e0
0x000070d9a33fe950:   000070d900001fa2 000070d9a33fead0
0x000070d9a33fe960:   000000000000000e 000070d9a33fec28
0x000070d9a33fe970:   000070d9a33feb40 000070d99c02bdb0
0x000070d9a33fe980:   000070d9a33fea40 000070d9a33fec28 

Instructions: (pc=0x000070d9782052a7)
0x000070d9782051a7:   48 89 c7 e8 81 c8 ff ff c9 c3 f3 0f 1e fa 55 48
0x000070d9782051b7:   89 e5 48 83 ec 10 89 7d fc 89 75 f8 83 7d fc 01
0x000070d9782051c7:   75 3b 81 7d f8 ff ff 00 00 75 32 48 8d 05 2b ac
0x000070d9782051d7:   0f 00 48 89 c7 e8 df ce ff ff 48 8d 05 f0 42 00
0x000070d9782051e7:   00 48 89 c2 48 8d 05 12 ac 0f 00 48 89 c6 48 8b
0x000070d9782051f7:   05 fc 3d 00 00 48 89 c7 e8 5c cc ff ff 90 c9 c3
0x000070d978205207:   f3 0f 1e fa 55 48 89 e5 be ff ff 00 00 bf 01 00
0x000070d978205217:   00 00 e8 93 ff ff ff 5d c3 f3 0f 1e fa 55 48 89
0x000070d978205227:   e5 48 89 7d f8 48 8b 45 f8 8b 00 5d c3 f3 0f 1e
0x000070d978205237:   fa 55 48 89 e5 48 89 7d f8 89 75 f4 48 8b 4d f8
0x000070d978205247:   8b 45 f4 48 63 d0 48 89 d0 48 c1 e0 06 48 01 d0
0x000070d978205257:   48 c1 e0 02 48 01 c8 48 83 c0 04 8b 00 5d c3 f3
0x000070d978205267:   0f 1e fa 55 48 89 e5 48 89 7d f8 89 75 f4 89 55
0x000070d978205277:   f0 48 8b 4d f8 8b 45 f0 48 98 8b 55 f4 48 63 d2
0x000070d978205287:   48 8d 34 c5 00 00 00 00 48 89 d0 48 c1 e0 06 48
0x000070d978205297:   01 d0 48 c1 e0 02 48 01 f0 48 01 c8 48 83 c0 08
0x000070d9782052a7:   8b 00 5d c3 90 f3 0f 1e fa 55 48 89 e5 48 89 7d
0x000070d9782052b7:   f8 89 75 f4 89 55 f0 48 8b 4d f8 8b 45 f0 48 98
0x000070d9782052c7:   8b 55 f4 48 63 d2 48 8d 34 c5 00 00 00 00 48 89
0x000070d9782052d7:   d0 48 c1 e0 06 48 01 d0 48 c1 e0 02 48 01 f0 48
0x000070d9782052e7:   01 c8 48 83 c0 0c 8b 00 5d c3 f3 0f 1e fa 55 48
0x000070d9782052f7:   89 e5 48 83 ec 20 48 89 7d f8 48 89 75 f0 48 89
0x000070d978205307:   55 e8 48 8b 55 f0 48 8b 45 e8 be 00 00 00 00 48
0x000070d978205317:   89 c7 e8 92 c7 ff ff 48 89 c7 e8 9a cb ff ff 48
0x000070d978205327:   89 c2 48 8b 45 f8 48 89 d6 48 89 c7 e8 68 c9 ff
0x000070d978205337:   ff 48 8b 45 f8 c9 c3 f3 0f 1e fa 55 48 89 e5 48
0x000070d978205347:   89 7d f8 48 8b 45 f8 5d c3 f3 0f 1e fa 48 83 ec
0x000070d978205357:   08 48 83 c4 08 c3 00 00 00 00 00 00 00 00 00 00
0x000070d978205367:   00 00 00 00 00 00 00 00 00 00 00 00 00 00 00 00
0x000070d978205377:   00 00 00 00 00 00 00 00 00 00 00 00 00 00 00 00
0x000070d978205387:   00 00 00 00 00 00 00 00 00 00 00 00 00 00 00 00
0x000070d978205397:   00 00 00 00 00 00 00 00 00 00 00 00 00 00 00 00 


Stack slot to memory mapping:

stack at sp + 0 slots: 0x000070d9a33fe7c0 is pointing into the stack for thread: 0x000070d99c02bdb0
stack at sp + 1 slots: 0x000070d97820517c: Java_usbInfo_vendorID+0x0000000000000031 in /home/mfennelly/ise/comp-org/cs4421/project/libsysinfo/libsysinfo.so at 0x000070d9781fb000
stack at sp + 2 slots: 0x0000000100000001 is an unknown value
stack at sp + 3 slots: 0x00000004000007dd is an unknown value
stack at sp + 4 slots: 0x000070d9a33fe7d0 is pointing into the stack for thread: 0x000070d99c02bdb0
stack at sp + 5 slots: 0x000070d99c02c170 points into unknown readable memory: 0x000070d9a3214ee0 | e0 4e 21 a3 d9 70 00 00
stack at sp + 6 slots: 0x000070d9a33fe810 is pointing into the stack for thread: 0x000070d99c02bdb0
stack at sp + 7 slots: 0x000070d98c7c1ce3 is at entry_point+195 in (nmethod*)0x000070d98c7c1a90
Compiled method (n/a) 1180  608     n 0       usbInfo::vendorID (native)
 total in heap  [0x000070d98c7c1a90,0x000070d98c7c1e00] = 880
 relocation     [0x000070d98c7c1be0,0x000070d98c7c1c10] = 48
 main code      [0x000070d98c7c1c20,0x000070d98c7c1df4] = 468
 stub code      [0x000070d98c7c1df4,0x000070d98c7c1df8] = 4
 oops           [0x000070d98c7c1df8,0x000070d98c7c1e00] = 8


Compiled method (n/a) 1181  608     n 0       usbInfo::vendorID (native)
 total in heap  [0x000070d98c7c1a90,0x000070d98c7c1e00] = 880
 relocation     [0x000070d98c7c1be0,0x000070d98c7c1c10] = 48
 main code      [0x000070d98c7c1c20,0x000070d98c7c1df4] = 468
 stub code      [0x000070d98c7c1df4,0x000070d98c7c1df8] = 4
 oops           [0x000070d98c7c1df8,0x000070d98c7c1e00] = 8

[Constant Pool (empty)]

[MachCode]
[Entry Point]
  # {method} {0x000070d918402ed0} 'vendorID' '(II)I' in 'usbInfo'
  # this:     rsi:rsi   = 'usbInfo'
  # parm0:    rdx       = int
  # parm1:    rcx       = int
  #           [sp+0x50]  (sp of caller)
  0x000070d98c7c1c20: 448b 5608 | 49bb 0000 | 0022 d970 | 0000 4d03 | d349 3bc2 | 0f84 0600 

  0x000070d98c7c1c38: ;   {runtime_call ic_miss_stub}
  0x000070d98c7c1c38: 0000 e941 | b48e ff90 
[Verified Entry Point]
  0x000070d98c7c1c40: 8984 2400 | c0fe ff55 | 488b ec48 | 83ec 4090 | 4181 7f20 | 0100 0000 

  0x000070d98c7c1c58: ;   {runtime_call StubRoutines (final stubs)}
  0x000070d98c7c1c58: 7405 e841 | 188d ff48 | 8934 2448 | 83fe 0048 | 8d34 2448 | 0f44 3424 

  0x000070d98c7c1c70: ;   {internal_word}
  0x000070d98c7c1c70: c5f8 7749 | ba70 1c7c | 8cd9 7000 | 004d 8997 | a803 0000 | 4989 a7a0 

  0x000070d98c7c1c88: ;   {external_word}
  0x000070d98c7c1c88: 0300 0080 | 3dc3 0ca9 | 1600 0f84 | 3400 0000 

  0x000070d98c7c1c98: ;   {metadata({method} {0x000070d918402ed0} 'vendorID' '(II)I' in 'usbInfo')}
  0x000070d98c7c1c98: 5652 5148 | bed0 2e40 | 18d9 7000 | 0049 8bff | 40f6 c40f | 0f84 1200 | 0000 4883 

  0x000070d98c7c1cb4: ;   {runtime_call SharedRuntime::dtrace_method_entry(JavaThread*, Method*)}
  0x000070d98c7c1cb4: ec08 e8f5 | b53d 1648 | 83c4 08e9 | 0500 0000 

  0x000070d98c7c1cc4: ;   {runtime_call SharedRuntime::dtrace_method_entry(JavaThread*, Method*)}
  0x000070d98c7c1cc4: e8e7 b53d | 1659 5a5e | 498d bfc0 | 0300 0041 | c787 5404 | 0000 0400 

  0x000070d98c7c1cdc: ;   {runtime_call Java_usbInfo_vendorID}
  0x000070d98c7c1cdc: 0000 e868 | 34a4 ebc5 | f877 41c7 | 8754 0400 | 0005 0000 | 00f0 8344 | 24c0 0049 | 3baf 5804 
  0x000070d98c7c1cfc: 0000 0f87 | 0e00 0000 | 4183 bf50 | 0400 0000 | 0f84 2400 | 0000 c5f8 | 7748 8945 | f849 8bff 
  0x000070d98c7c1d1c: 4c8b e448 | 83ec 0048 

  0x000070d98c7c1d24: ;   {runtime_call JavaThread::check_special_condition_for_native_trans(JavaThread*)}
  0x000070d98c7c1d24: 83e4 f0e8 | c49f f415 | 498b e44d | 33e4 488b | 45f8 41c7 | 8754 0400 | 0008 0000 | 0041 83bf 
  0x000070d98c7c1d44: d004 0000 | 020f 847f 

  0x000070d98c7c1d4c: ;   {external_word}
  0x000070d98c7c1d4c: 0000 0080 | 3dff 0ba9 | 1600 0f84 | 3600 0000 | 4889 45f8 

  0x000070d98c7c1d60: ;   {metadata({method} {0x000070d918402ed0} 'vendorID' '(II)I' in 'usbInfo')}
  0x000070d98c7c1d60: 48be d02e | 4018 d970 | 0000 498b | ff40 f6c4 | 0f0f 8412 | 0000 0048 

  0x000070d98c7c1d78: ;   {runtime_call SharedRuntime::dtrace_method_exit(JavaThread*, Method*)}
  0x000070d98c7c1d78: 83ec 08e8 | 40b5 3d16 | 4883 c408 | e905 0000 

  0x000070d98c7c1d88: ;   {runtime_call SharedRuntime::dtrace_method_exit(JavaThread*, Method*)}
  0x000070d98c7c1d88: 00e8 32b5 | 3d16 488b | 45f8 49c7 | 87a0 0300 | 0000 0000 | 0049 c787 | a803 0000 | 0000 0000 
  0x000070d98c7c1da8: c5f8 7749 | 8b8f 3004 | 0000 c781 | 0001 0000 | 0000 0000 | c949 837f | 0800 0f85 | 0100 0000 
  0x000070d98c7c1dc8: ;   {runtime_call StubRoutines (initial stubs)}
  0x000070d98c7c1dc8: c3e9 32de | 89ff c5f8 | 7748 8945 | f84c 8be4 | 4883 ec00 | 4883 e4f0 

  0x000070d98c7c1de0: ;   {runtime_call SharedRuntime::reguard_yellow_pages()}
  0x000070d98c7c1de0: e87b c33d | 1649 8be4 | 4d33 e448 | 8b45 f8e9 | 5bff ffff 
[Stub Code]
  0x000070d98c7c1df4: f4f4 f4f4 
[/MachCode]


---------------  P R O C E S S  ---------------

Threads class SMR info:
_java_thread_list=0x000070d8c8003450, length=14, elements={
0x000070d99c02bdb0, 0x000070d99c198f50, 0x000070d99c19a3a0, 0x000070d99c19bfa0,
0x000070d99c19d5e0, 0x000070d99c19eb80, 0x000070d99c1a0720, 0x000070d99c1a1e30,
0x000070d99c1aff60, 0x000070d99c1bb820, 0x000070d8e8076420, 0x000070d8d4009fe0,
0x000070d8d400ac70, 0x000070d8c8002270
}

Java Threads: ( => current thread )
=>0x000070d99c02bdb0 JavaThread "main"                              [_thread_in_native, id=362069, stack(0x000070d9a3300000,0x000070d9a3400000) (1024K)]
  0x000070d99c198f50 JavaThread "Reference Handler"          daemon [_thread_blocked, id=362077, stack(0x000070d978b00000,0x000070d978c00000) (1024K)]
  0x000070d99c19a3a0 JavaThread "Finalizer"                  daemon [_thread_blocked, id=362078, stack(0x000070d978a00000,0x000070d978b00000) (1024K)]
  0x000070d99c19bfa0 JavaThread "Signal Dispatcher"          daemon [_thread_blocked, id=362079, stack(0x000070d978900000,0x000070d978a00000) (1024K)]
  0x000070d99c19d5e0 JavaThread "Service Thread"             daemon [_thread_blocked, id=362080, stack(0x000070d978800000,0x000070d978900000) (1024K)]
  0x000070d99c19eb80 JavaThread "Monitor Deflation Thread"   daemon [_thread_blocked, id=362081, stack(0x000070d978700000,0x000070d978800000) (1024K)]
  0x000070d99c1a0720 JavaThread "C2 CompilerThread0"         daemon [_thread_in_native, id=362082, stack(0x000070d978600000,0x000070d978700000) (1024K)]
  0x000070d99c1a1e30 JavaThread "C1 CompilerThread0"         daemon [_thread_blocked, id=362083, stack(0x000070d978500000,0x000070d978600000) (1024K)]
  0x000070d99c1aff60 JavaThread "Notification Thread"        daemon [_thread_blocked, id=362084, stack(0x000070d978400000,0x000070d978500000) (1024K)]
  0x000070d99c1bb820 JavaThread "Common-Cleaner"             daemon [_thread_blocked, id=362085, stack(0x000070d978300000,0x000070d978400000) (1024K)]
  0x000070d8e8076420 JavaThread "C1 CompilerThread1"         daemon [_thread_blocked, id=362094, stack(0x000070d9780fb000,0x000070d9781fb000) (1024K)]
  0x000070d8d4009fe0 JavaThread "C1 CompilerThread2"         daemon [_thread_blocked, id=362107, stack(0x000070d96ff00000,0x000070d970000000) (1024K)]
  0x000070d8d400ac70 JavaThread "C1 CompilerThread3"         daemon [_thread_blocked, id=362108, stack(0x000070d96fb00000,0x000070d96fc00000) (1024K)]
  0x000070d8c8002270 JavaThread "C2 CompilerThread1"         daemon [_thread_in_native, id=362109, stack(0x000070d96fa00000,0x000070d96fb00000) (1024K)]
Total: 14

Other Threads:
  0x000070d99c18bdb0 VMThread "VM Thread"                           [id=362076, stack(0x000070d9791f3000,0x000070d9792f3000) (1024K)]
  0x000070d99c1712b0 WatcherThread "VM Periodic Task Thread"        [id=362075, stack(0x000070d9792f4000,0x000070d9793f4000) (1024K)]
  0x000070d99c0948a0 WorkerThread "GC Thread#0"                     [id=362070, stack(0x000070d9a0300000,0x000070d9a0400000) (1024K)]
  0x000070d99c0a5480 ConcurrentGCThread "G1 Main Marker"            [id=362071, stack(0x000070d9a01ff000,0x000070d9a02ff000) (1024K)]
  0x000070d99c0a6450 WorkerThread "G1 Conc#0"                       [id=362072, stack(0x000070d9a00fe000,0x000070d9a01fe000) (1024K)]
  0x000070d99c1568c0 ConcurrentGCThread "G1 Refine#0"               [id=362073, stack(0x000070d9794f6000,0x000070d9795f6000) (1024K)]
  0x000070d99c157880 ConcurrentGCThread "G1 Service"                [id=362074, stack(0x000070d9793f5000,0x000070d9794f5000) (1024K)]
Total: 7

Threads with active compile tasks:
C2 CompilerThread0  1183  645       4       java.util.regex.Matcher::search (154 bytes)
C2 CompilerThread1  1183  640       4       java.util.regex.Pattern$Branch::match (66 bytes)
Total: 2

VM state: not at safepoint (normal execution)

VM Mutex/Monitor currently owned by a thread: None

Heap address: 0x000000070a600000, size: 3930 MB, Compressed Oops mode: Zero based, Oop shift amount: 3

CDS archive(s) mapped at: [0x000070d922000000-0x000070d922c78000-0x000070d922c78000), size 13074432, SharedBaseAddress: 0x000070d922000000, ArchiveRelocationMode: 1.
Compressed class space mapped at: 0x000070d923000000-0x000070d963000000, reserved size: 1073741824
Narrow klass base: 0x000070d922000000, Narrow klass shift: 0, Narrow klass range: 0x100000000

GC Precious Log:
 CardTable entry size: 512
 Card Set container configuration: InlinePtr #cards 4 size 8 Array Of Cards #cards 16 size 48 Howl #buckets 8 coarsen threshold 3686 Howl Bitmap #cards 512 size 80 coarsen threshold 460 Card regions per heap region 1 cards per card region 4096
 CPUs: 20 total, 20 available
 Memory: 15713M
 Large Page Support: Disabled
 NUMA Support: Disabled
 Compressed Oops: Enabled (Zero based)
 Heap Region Size: 2M
 Heap Min Capacity: 8M
 Heap Initial Capacity: 246M
 Heap Max Capacity: 3930M
 Pre-touch: Disabled
 Parallel Workers: 15
 Concurrent Workers: 4
 Concurrent Refinement Workers: 15
 Periodic GC: Disabled

Heap:
 garbage-first heap   total reserved 4024320K, committed 253952K, used 5153K [0x000000070a600000, 0x0000000800000000)
  region size 2048K, 3 young (6144K), 0 survivors (0K)
 Metaspace       used 811K, committed 1088K, reserved 1114112K
  class space    used 65K, committed 192K, reserved 1048576K

Heap Regions: E=young(eden), S=young(survivor), O=old, HS=humongous(starts), HC=humongous(continues), CS=collection set, F=free, TAMS=top-at-mark-start, PB=parsable bottom
|   0|0x000000070a600000, 0x000000070a600000, 0x000000070a800000|  0%| F|  |TAMS 0x000000070a600000| PB 0x000000070a600000| Untracked |  0
|   1|0x000000070a800000, 0x000000070a800000, 0x000000070aa00000|  0%| F|  |TAMS 0x000000070a800000| PB 0x000000070a800000| Untracked |  0
|   2|0x000000070aa00000, 0x000000070aa00000, 0x000000070ac00000|  0%| F|  |TAMS 0x000000070aa00000| PB 0x000000070aa00000| Untracked |  0
|   3|0x000000070ac00000, 0x000000070ac00000, 0x000000070ae00000|  0%| F|  |TAMS 0x000000070ac00000| PB 0x000000070ac00000| Untracked |  0
|   4|0x000000070ae00000, 0x000000070ae00000, 0x000000070b000000|  0%| F|  |TAMS 0x000000070ae00000| PB 0x000000070ae00000| Untracked |  0
|   5|0x000000070b000000, 0x000000070b000000, 0x000000070b200000|  0%| F|  |TAMS 0x000000070b000000| PB 0x000000070b000000| Untracked |  0
|   6|0x000000070b200000, 0x000000070b200000, 0x000000070b400000|  0%| F|  |TAMS 0x000000070b200000| PB 0x000000070b200000| Untracked |  0
|   7|0x000000070b400000, 0x000000070b400000, 0x000000070b600000|  0%| F|  |TAMS 0x000000070b400000| PB 0x000000070b400000| Untracked |  0
|   8|0x000000070b600000, 0x000000070b600000, 0x000000070b800000|  0%| F|  |TAMS 0x000000070b600000| PB 0x000000070b600000| Untracked |  0
|   9|0x000000070b800000, 0x000000070b800000, 0x000000070ba00000|  0%| F|  |TAMS 0x000000070b800000| PB 0x000000070b800000| Untracked |  0
|  10|0x000000070ba00000, 0x000000070ba00000, 0x000000070bc00000|  0%| F|  |TAMS 0x000000070ba00000| PB 0x000000070ba00000| Untracked |  0
|  11|0x000000070bc00000, 0x000000070bc00000, 0x000000070be00000|  0%| F|  |TAMS 0x000000070bc00000| PB 0x000000070bc00000| Untracked |  0
|  12|0x000000070be00000, 0x000000070be00000, 0x000000070c000000|  0%| F|  |TAMS 0x000000070be00000| PB 0x000000070be00000| Untracked |  0
|  13|0x000000070c000000, 0x000000070c000000, 0x000000070c200000|  0%| F|  |TAMS 0x000000070c000000| PB 0x000000070c000000| Untracked |  0
|  14|0x000000070c200000, 0x000000070c200000, 0x000000070c400000|  0%| F|  |TAMS 0x000000070c200000| PB 0x000000070c200000| Untracked |  0
|  15|0x000000070c400000, 0x000000070c400000, 0x000000070c600000|  0%| F|  |TAMS 0x000000070c400000| PB 0x000000070c400000| Untracked |  0
|  16|0x000000070c600000, 0x000000070c600000, 0x000000070c800000|  0%| F|  |TAMS 0x000000070c600000| PB 0x000000070c600000| Untracked |  0
|  17|0x000000070c800000, 0x000000070c800000, 0x000000070ca00000|  0%| F|  |TAMS 0x000000070c800000| PB 0x000000070c800000| Untracked |  0
|  18|0x000000070ca00000, 0x000000070ca00000, 0x000000070cc00000|  0%| F|  |TAMS 0x000000070ca00000| PB 0x000000070ca00000| Untracked |  0
|  19|0x000000070cc00000, 0x000000070cc00000, 0x000000070ce00000|  0%| F|  |TAMS 0x000000070cc00000| PB 0x000000070cc00000| Untracked |  0
|  20|0x000000070ce00000, 0x000000070ce00000, 0x000000070d000000|  0%| F|  |TAMS 0x000000070ce00000| PB 0x000000070ce00000| Untracked |  0
|  21|0x000000070d000000, 0x000000070d000000, 0x000000070d200000|  0%| F|  |TAMS 0x000000070d000000| PB 0x000000070d000000| Untracked |  0
|  22|0x000000070d200000, 0x000000070d200000, 0x000000070d400000|  0%| F|  |TAMS 0x000000070d200000| PB 0x000000070d200000| Untracked |  0
|  23|0x000000070d400000, 0x000000070d400000, 0x000000070d600000|  0%| F|  |TAMS 0x000000070d400000| PB 0x000000070d400000| Untracked |  0
|  24|0x000000070d600000, 0x000000070d600000, 0x000000070d800000|  0%| F|  |TAMS 0x000000070d600000| PB 0x000000070d600000| Untracked |  0
|  25|0x000000070d800000, 0x000000070d800000, 0x000000070da00000|  0%| F|  |TAMS 0x000000070d800000| PB 0x000000070d800000| Untracked |  0
|  26|0x000000070da00000, 0x000000070da00000, 0x000000070dc00000|  0%| F|  |TAMS 0x000000070da00000| PB 0x000000070da00000| Untracked |  0
|  27|0x000000070dc00000, 0x000000070dc00000, 0x000000070de00000|  0%| F|  |TAMS 0x000000070dc00000| PB 0x000000070dc00000| Untracked |  0
|  28|0x000000070de00000, 0x000000070de00000, 0x000000070e000000|  0%| F|  |TAMS 0x000000070de00000| PB 0x000000070de00000| Untracked |  0
|  29|0x000000070e000000, 0x000000070e000000, 0x000000070e200000|  0%| F|  |TAMS 0x000000070e000000| PB 0x000000070e000000| Untracked |  0
|  30|0x000000070e200000, 0x000000070e200000, 0x000000070e400000|  0%| F|  |TAMS 0x000000070e200000| PB 0x000000070e200000| Untracked |  0
|  31|0x000000070e400000, 0x000000070e400000, 0x000000070e600000|  0%| F|  |TAMS 0x000000070e400000| PB 0x000000070e400000| Untracked |  0
|  32|0x000000070e600000, 0x000000070e600000, 0x000000070e800000|  0%| F|  |TAMS 0x000000070e600000| PB 0x000000070e600000| Untracked |  0
|  33|0x000000070e800000, 0x000000070e800000, 0x000000070ea00000|  0%| F|  |TAMS 0x000000070e800000| PB 0x000000070e800000| Untracked |  0
|  34|0x000000070ea00000, 0x000000070ea00000, 0x000000070ec00000|  0%| F|  |TAMS 0x000000070ea00000| PB 0x000000070ea00000| Untracked |  0
|  35|0x000000070ec00000, 0x000000070ec00000, 0x000000070ee00000|  0%| F|  |TAMS 0x000000070ec00000| PB 0x000000070ec00000| Untracked |  0
|  36|0x000000070ee00000, 0x000000070ee00000, 0x000000070f000000|  0%| F|  |TAMS 0x000000070ee00000| PB 0x000000070ee00000| Untracked |  0
|  37|0x000000070f000000, 0x000000070f000000, 0x000000070f200000|  0%| F|  |TAMS 0x000000070f000000| PB 0x000000070f000000| Untracked |  0
|  38|0x000000070f200000, 0x000000070f200000, 0x000000070f400000|  0%| F|  |TAMS 0x000000070f200000| PB 0x000000070f200000| Untracked |  0
|  39|0x000000070f400000, 0x000000070f400000, 0x000000070f600000|  0%| F|  |TAMS 0x000000070f400000| PB 0x000000070f400000| Untracked |  0
|  40|0x000000070f600000, 0x000000070f600000, 0x000000070f800000|  0%| F|  |TAMS 0x000000070f600000| PB 0x000000070f600000| Untracked |  0
|  41|0x000000070f800000, 0x000000070f800000, 0x000000070fa00000|  0%| F|  |TAMS 0x000000070f800000| PB 0x000000070f800000| Untracked |  0
|  42|0x000000070fa00000, 0x000000070fa00000, 0x000000070fc00000|  0%| F|  |TAMS 0x000000070fa00000| PB 0x000000070fa00000| Untracked |  0
|  43|0x000000070fc00000, 0x000000070fc00000, 0x000000070fe00000|  0%| F|  |TAMS 0x000000070fc00000| PB 0x000000070fc00000| Untracked |  0
|  44|0x000000070fe00000, 0x000000070fe00000, 0x0000000710000000|  0%| F|  |TAMS 0x000000070fe00000| PB 0x000000070fe00000| Untracked |  0
|  45|0x0000000710000000, 0x0000000710000000, 0x0000000710200000|  0%| F|  |TAMS 0x0000000710000000| PB 0x0000000710000000| Untracked |  0
|  46|0x0000000710200000, 0x0000000710200000, 0x0000000710400000|  0%| F|  |TAMS 0x0000000710200000| PB 0x0000000710200000| Untracked |  0
|  47|0x0000000710400000, 0x0000000710400000, 0x0000000710600000|  0%| F|  |TAMS 0x0000000710400000| PB 0x0000000710400000| Untracked |  0
|  48|0x0000000710600000, 0x0000000710600000, 0x0000000710800000|  0%| F|  |TAMS 0x0000000710600000| PB 0x0000000710600000| Untracked |  0
|  49|0x0000000710800000, 0x0000000710800000, 0x0000000710a00000|  0%| F|  |TAMS 0x0000000710800000| PB 0x0000000710800000| Untracked |  0
|  50|0x0000000710a00000, 0x0000000710a00000, 0x0000000710c00000|  0%| F|  |TAMS 0x0000000710a00000| PB 0x0000000710a00000| Untracked |  0
|  51|0x0000000710c00000, 0x0000000710c00000, 0x0000000710e00000|  0%| F|  |TAMS 0x0000000710c00000| PB 0x0000000710c00000| Untracked |  0
|  52|0x0000000710e00000, 0x0000000710e00000, 0x0000000711000000|  0%| F|  |TAMS 0x0000000710e00000| PB 0x0000000710e00000| Untracked |  0
|  53|0x0000000711000000, 0x0000000711000000, 0x0000000711200000|  0%| F|  |TAMS 0x0000000711000000| PB 0x0000000711000000| Untracked |  0
|  54|0x0000000711200000, 0x0000000711200000, 0x0000000711400000|  0%| F|  |TAMS 0x0000000711200000| PB 0x0000000711200000| Untracked |  0
|  55|0x0000000711400000, 0x0000000711400000, 0x0000000711600000|  0%| F|  |TAMS 0x0000000711400000| PB 0x0000000711400000| Untracked |  0
|  56|0x0000000711600000, 0x0000000711600000, 0x0000000711800000|  0%| F|  |TAMS 0x0000000711600000| PB 0x0000000711600000| Untracked |  0
|  57|0x0000000711800000, 0x0000000711800000, 0x0000000711a00000|  0%| F|  |TAMS 0x0000000711800000| PB 0x0000000711800000| Untracked |  0
|  58|0x0000000711a00000, 0x0000000711a00000, 0x0000000711c00000|  0%| F|  |TAMS 0x0000000711a00000| PB 0x0000000711a00000| Untracked |  0
|  59|0x0000000711c00000, 0x0000000711c00000, 0x0000000711e00000|  0%| F|  |TAMS 0x0000000711c00000| PB 0x0000000711c00000| Untracked |  0
|  60|0x0000000711e00000, 0x0000000711e00000, 0x0000000712000000|  0%| F|  |TAMS 0x0000000711e00000| PB 0x0000000711e00000| Untracked |  0
|  61|0x0000000712000000, 0x0000000712000000, 0x0000000712200000|  0%| F|  |TAMS 0x0000000712000000| PB 0x0000000712000000| Untracked |  0
|  62|0x0000000712200000, 0x0000000712200000, 0x0000000712400000|  0%| F|  |TAMS 0x0000000712200000| PB 0x0000000712200000| Untracked |  0
|  63|0x0000000712400000, 0x0000000712400000, 0x0000000712600000|  0%| F|  |TAMS 0x0000000712400000| PB 0x0000000712400000| Untracked |  0
|  64|0x0000000712600000, 0x0000000712600000, 0x0000000712800000|  0%| F|  |TAMS 0x0000000712600000| PB 0x0000000712600000| Untracked |  0
|  65|0x0000000712800000, 0x0000000712800000, 0x0000000712a00000|  0%| F|  |TAMS 0x0000000712800000| PB 0x0000000712800000| Untracked |  0
|  66|0x0000000712a00000, 0x0000000712a00000, 0x0000000712c00000|  0%| F|  |TAMS 0x0000000712a00000| PB 0x0000000712a00000| Untracked |  0
|  67|0x0000000712c00000, 0x0000000712c00000, 0x0000000712e00000|  0%| F|  |TAMS 0x0000000712c00000| PB 0x0000000712c00000| Untracked |  0
|  68|0x0000000712e00000, 0x0000000712e00000, 0x0000000713000000|  0%| F|  |TAMS 0x0000000712e00000| PB 0x0000000712e00000| Untracked |  0
|  69|0x0000000713000000, 0x0000000713000000, 0x0000000713200000|  0%| F|  |TAMS 0x0000000713000000| PB 0x0000000713000000| Untracked |  0
|  70|0x0000000713200000, 0x0000000713200000, 0x0000000713400000|  0%| F|  |TAMS 0x0000000713200000| PB 0x0000000713200000| Untracked |  0
|  71|0x0000000713400000, 0x0000000713400000, 0x0000000713600000|  0%| F|  |TAMS 0x0000000713400000| PB 0x0000000713400000| Untracked |  0
|  72|0x0000000713600000, 0x0000000713600000, 0x0000000713800000|  0%| F|  |TAMS 0x0000000713600000| PB 0x0000000713600000| Untracked |  0
|  73|0x0000000713800000, 0x0000000713800000, 0x0000000713a00000|  0%| F|  |TAMS 0x0000000713800000| PB 0x0000000713800000| Untracked |  0
|  74|0x0000000713a00000, 0x0000000713a00000, 0x0000000713c00000|  0%| F|  |TAMS 0x0000000713a00000| PB 0x0000000713a00000| Untracked |  0
|  75|0x0000000713c00000, 0x0000000713c00000, 0x0000000713e00000|  0%| F|  |TAMS 0x0000000713c00000| PB 0x0000000713c00000| Untracked |  0
|  76|0x0000000713e00000, 0x0000000713e00000, 0x0000000714000000|  0%| F|  |TAMS 0x0000000713e00000| PB 0x0000000713e00000| Untracked |  0
|  77|0x0000000714000000, 0x0000000714000000, 0x0000000714200000|  0%| F|  |TAMS 0x0000000714000000| PB 0x0000000714000000| Untracked |  0
|  78|0x0000000714200000, 0x0000000714200000, 0x0000000714400000|  0%| F|  |TAMS 0x0000000714200000| PB 0x0000000714200000| Untracked |  0
|  79|0x0000000714400000, 0x0000000714400000, 0x0000000714600000|  0%| F|  |TAMS 0x0000000714400000| PB 0x0000000714400000| Untracked |  0
|  80|0x0000000714600000, 0x0000000714600000, 0x0000000714800000|  0%| F|  |TAMS 0x0000000714600000| PB 0x0000000714600000| Untracked |  0
|  81|0x0000000714800000, 0x0000000714800000, 0x0000000714a00000|  0%| F|  |TAMS 0x0000000714800000| PB 0x0000000714800000| Untracked |  0
|  82|0x0000000714a00000, 0x0000000714a00000, 0x0000000714c00000|  0%| F|  |TAMS 0x0000000714a00000| PB 0x0000000714a00000| Untracked |  0
|  83|0x0000000714c00000, 0x0000000714c00000, 0x0000000714e00000|  0%| F|  |TAMS 0x0000000714c00000| PB 0x0000000714c00000| Untracked |  0
|  84|0x0000000714e00000, 0x0000000714e00000, 0x0000000715000000|  0%| F|  |TAMS 0x0000000714e00000| PB 0x0000000714e00000| Untracked |  0
|  85|0x0000000715000000, 0x0000000715000000, 0x0000000715200000|  0%| F|  |TAMS 0x0000000715000000| PB 0x0000000715000000| Untracked |  0
|  86|0x0000000715200000, 0x0000000715200000, 0x0000000715400000|  0%| F|  |TAMS 0x0000000715200000| PB 0x0000000715200000| Untracked |  0
|  87|0x0000000715400000, 0x0000000715400000, 0x0000000715600000|  0%| F|  |TAMS 0x0000000715400000| PB 0x0000000715400000| Untracked |  0
|  88|0x0000000715600000, 0x0000000715600000, 0x0000000715800000|  0%| F|  |TAMS 0x0000000715600000| PB 0x0000000715600000| Untracked |  0
|  89|0x0000000715800000, 0x0000000715800000, 0x0000000715a00000|  0%| F|  |TAMS 0x0000000715800000| PB 0x0000000715800000| Untracked |  0
|  90|0x0000000715a00000, 0x0000000715a00000, 0x0000000715c00000|  0%| F|  |TAMS 0x0000000715a00000| PB 0x0000000715a00000| Untracked |  0
|  91|0x0000000715c00000, 0x0000000715c00000, 0x0000000715e00000|  0%| F|  |TAMS 0x0000000715c00000| PB 0x0000000715c00000| Untracked |  0
|  92|0x0000000715e00000, 0x0000000715e00000, 0x0000000716000000|  0%| F|  |TAMS 0x0000000715e00000| PB 0x0000000715e00000| Untracked |  0
|  93|0x0000000716000000, 0x0000000716000000, 0x0000000716200000|  0%| F|  |TAMS 0x0000000716000000| PB 0x0000000716000000| Untracked |  0
|  94|0x0000000716200000, 0x0000000716200000, 0x0000000716400000|  0%| F|  |TAMS 0x0000000716200000| PB 0x0000000716200000| Untracked |  0
|  95|0x0000000716400000, 0x0000000716400000, 0x0000000716600000|  0%| F|  |TAMS 0x0000000716400000| PB 0x0000000716400000| Untracked |  0
|  96|0x0000000716600000, 0x0000000716600000, 0x0000000716800000|  0%| F|  |TAMS 0x0000000716600000| PB 0x0000000716600000| Untracked |  0
|  97|0x0000000716800000, 0x0000000716800000, 0x0000000716a00000|  0%| F|  |TAMS 0x0000000716800000| PB 0x0000000716800000| Untracked |  0
|  98|0x0000000716a00000, 0x0000000716a00000, 0x0000000716c00000|  0%| F|  |TAMS 0x0000000716a00000| PB 0x0000000716a00000| Untracked |  0
|  99|0x0000000716c00000, 0x0000000716c00000, 0x0000000716e00000|  0%| F|  |TAMS 0x0000000716c00000| PB 0x0000000716c00000| Untracked |  0
| 100|0x0000000716e00000, 0x0000000716e00000, 0x0000000717000000|  0%| F|  |TAMS 0x0000000716e00000| PB 0x0000000716e00000| Untracked |  0
| 101|0x0000000717000000, 0x0000000717000000, 0x0000000717200000|  0%| F|  |TAMS 0x0000000717000000| PB 0x0000000717000000| Untracked |  0
| 102|0x0000000717200000, 0x0000000717200000, 0x0000000717400000|  0%| F|  |TAMS 0x0000000717200000| PB 0x0000000717200000| Untracked |  0
| 103|0x0000000717400000, 0x0000000717400000, 0x0000000717600000|  0%| F|  |TAMS 0x0000000717400000| PB 0x0000000717400000| Untracked |  0
| 104|0x0000000717600000, 0x0000000717600000, 0x0000000717800000|  0%| F|  |TAMS 0x0000000717600000| PB 0x0000000717600000| Untracked |  0
| 105|0x0000000717800000, 0x0000000717800000, 0x0000000717a00000|  0%| F|  |TAMS 0x0000000717800000| PB 0x0000000717800000| Untracked |  0
| 106|0x0000000717a00000, 0x0000000717a00000, 0x0000000717c00000|  0%| F|  |TAMS 0x0000000717a00000| PB 0x0000000717a00000| Untracked |  0
| 107|0x0000000717c00000, 0x0000000717c00000, 0x0000000717e00000|  0%| F|  |TAMS 0x0000000717c00000| PB 0x0000000717c00000| Untracked |  0
| 108|0x0000000717e00000, 0x0000000717e00000, 0x0000000718000000|  0%| F|  |TAMS 0x0000000717e00000| PB 0x0000000717e00000| Untracked |  0
| 109|0x0000000718000000, 0x0000000718000000, 0x0000000718200000|  0%| F|  |TAMS 0x0000000718000000| PB 0x0000000718000000| Untracked |  0
| 110|0x0000000718200000, 0x0000000718200000, 0x0000000718400000|  0%| F|  |TAMS 0x0000000718200000| PB 0x0000000718200000| Untracked |  0
| 111|0x0000000718400000, 0x0000000718400000, 0x0000000718600000|  0%| F|  |TAMS 0x0000000718400000| PB 0x0000000718400000| Untracked |  0
| 112|0x0000000718600000, 0x0000000718600000, 0x0000000718800000|  0%| F|  |TAMS 0x0000000718600000| PB 0x0000000718600000| Untracked |  0
| 113|0x0000000718800000, 0x0000000718800000, 0x0000000718a00000|  0%| F|  |TAMS 0x0000000718800000| PB 0x0000000718800000| Untracked |  0
| 114|0x0000000718a00000, 0x0000000718a00000, 0x0000000718c00000|  0%| F|  |TAMS 0x0000000718a00000| PB 0x0000000718a00000| Untracked |  0
| 115|0x0000000718c00000, 0x0000000718c00000, 0x0000000718e00000|  0%| F|  |TAMS 0x0000000718c00000| PB 0x0000000718c00000| Untracked |  0
| 116|0x0000000718e00000, 0x0000000718e00000, 0x0000000719000000|  0%| F|  |TAMS 0x0000000718e00000| PB 0x0000000718e00000| Untracked |  0
| 117|0x0000000719000000, 0x0000000719000000, 0x0000000719200000|  0%| F|  |TAMS 0x0000000719000000| PB 0x0000000719000000| Untracked |  0
| 118|0x0000000719200000, 0x0000000719200000, 0x0000000719400000|  0%| F|  |TAMS 0x0000000719200000| PB 0x0000000719200000| Untracked |  0
| 119|0x0000000719400000, 0x0000000719400000, 0x0000000719600000|  0%| F|  |TAMS 0x0000000719400000| PB 0x0000000719400000| Untracked |  0
| 120|0x0000000719600000, 0x00000007197eb8a0, 0x0000000719800000| 96%| E|  |TAMS 0x0000000719600000| PB 0x0000000719600000| Complete |  0
| 121|0x0000000719800000, 0x0000000719a00000, 0x0000000719a00000|100%| E|CS|TAMS 0x0000000719800000| PB 0x0000000719800000| Complete |  0
| 122|0x0000000719a00000, 0x0000000719c00000, 0x0000000719c00000|100%| E|CS|TAMS 0x0000000719a00000| PB 0x0000000719a00000| Complete |  0
|1964|0x00000007ffe00000, 0x00000007fff08798, 0x0000000800000000| 51%| O|  |TAMS 0x00000007ffe00000| PB 0x00000007ffe00000| Untracked |  0

Card table byte_map: [0x000070d984400000,0x000070d984bad000] _byte_map_base: 0x000070d980bad000

Marking Bits: (CMBitMap*) 0x000070d99c0953d0
 Bits: [0x000070d980600000, 0x000070d984368000)

Polling page: 0x000070d9a378a000

Metaspace:

Usage:
  Non-class:    745.38 KB used.
      Class:     65.81 KB used.
       Both:    811.20 KB used.

Virtual space:
  Non-class space:       64.00 MB reserved,     896.00 KB (  1%) committed,  1 nodes.
      Class space:        1.00 GB reserved,     192.00 KB ( <1%) committed,  1 nodes.
             Both:        1.06 GB reserved,       1.06 MB ( <1%) committed. 

Chunk freelists:
   Non-Class:  11.77 MB
       Class:  15.64 MB
        Both:  27.41 MB

MaxMetaspaceSize: unlimited
CompressedClassSpaceSize: 1.00 GB
Initial GC threshold: 21.00 MB
Current GC threshold: 21.00 MB
CDS: on
 - commit_granule_bytes: 65536.
 - commit_granule_words: 8192.
 - virtual_space_node_default_size: 8388608.
 - enlarge_chunks_in_place: 1.
 - use_allocation_guard: 0.


Internal statistics:

num_allocs_failed_limit: 0.
num_arena_births: 228.
num_arena_deaths: 0.
num_vsnodes_births: 2.
num_vsnodes_deaths: 0.
num_space_committed: 17.
num_space_uncommitted: 0.
num_chunks_returned_to_freelist: 0.
num_chunks_taken_from_freelist: 287.
num_chunk_merges: 0.
num_chunk_splits: 170.
num_chunks_enlarged: 52.
num_inconsistent_stats: 0.

CodeHeap 'non-profiled nmethods': size=119168Kb used=144Kb max_used=144Kb free=119023Kb
 bounds [0x000070d98c7a0000, 0x000070d98ca10000, 0x000070d993c00000]
CodeHeap 'profiled nmethods': size=119164Kb used=1008Kb max_used=1008Kb free=118155Kb
 bounds [0x000070d984c00000, 0x000070d984e70000, 0x000070d98c05f000]
CodeHeap 'non-nmethods': size=7428Kb used=2967Kb max_used=2982Kb free=4460Kb
 bounds [0x000070d98c05f000, 0x000070d98c3cf000, 0x000070d98c7a0000]
 total_blobs=1043 nmethods=634 adapters=312
 compilation: enabled
              stopped_count=0, restarted_count=0
 full_count=0

Compilation events (20 events):
Event: 1.156 Thread 0x000070d8d400ac70 nmethod 622 0x000070d984cf2990 code [0x000070d984cf2c40, 0x000070d984cf3958]
Event: 1.156 Thread 0x000070d8d4009fe0 nmethod 628 0x000070d984cf3e10 code [0x000070d984cf3fa0, 0x000070d984cf4118]
Event: 1.156 Thread 0x000070d8d4009fe0  629       3       java.nio.Buffer::clear (20 bytes)
Event: 1.156 Thread 0x000070d8d400ac70  631   !   3       sun.nio.cs.StreamEncoder::flushBuffer (63 bytes)
Event: 1.156 Thread 0x000070d8d4009fe0 nmethod 629 0x000070d984cf4210 code [0x000070d984cf43a0, 0x000070d984cf44b8]
Event: 1.156 Thread 0x000070d8d4009fe0  630   !   3       java.io.BufferedWriter::flushBuffer (63 bytes)
Event: 1.156 Thread 0x000070d8e8076420 nmethod 623 0x000070d984cf4590 code [0x000070d984cf47a0, 0x000070d984cf4e48]
Event: 1.156 Thread 0x000070d8e8076420  633       3       sun.nio.cs.StreamEncoder::writeBytes (93 bytes)
Event: 1.157 Thread 0x000070d99c1a1e30 nmethod 620 0x000070d984cf5090 code [0x000070d984cf5420, 0x000070d984cf6958]
Event: 1.157 Thread 0x000070d8d400ac70 nmethod 631 0x000070d984cf7490 code [0x000070d984cf77c0, 0x000070d984cf8b48]
Event: 1.157 Thread 0x000070d8d4009fe0 nmethod 630 0x000070d984cf9290 code [0x000070d984cf95c0, 0x000070d984cfa910]
Event: 1.157 Thread 0x000070d8d400ac70  636       3       java.lang.System$2::encodeASCII (11 bytes)
Event: 1.157 Thread 0x000070d8e8076420 nmethod 633 0x000070d984cfb090 code [0x000070d984cfb2e0, 0x000070d984cfbbf0]
Event: 1.157 Thread 0x000070d8d400ac70 nmethod 636 0x000070d984cfbf10 code [0x000070d984cfc0a0, 0x000070d984cfc1e8]
Event: 1.158 Thread 0x000070d99c1a0720 nmethod 536 0x000070d98c7c2e90 code [0x000070d98c7c3020, 0x000070d98c7c3370]
Event: 1.158 Thread 0x000070d99c1a0720  632       4       java.lang.StringLatin1::inflate (34 bytes)
Event: 1.163 Thread 0x000070d8c8002270 nmethod 579 0x000070d98c7c3590 code [0x000070d98c7c3740, 0x000070d98c7c3ca8]
Event: 1.163 Thread 0x000070d8c8002270  640       4       java.util.regex.Pattern$Branch::match (66 bytes)
Event: 1.167 Thread 0x000070d99c1a0720 nmethod 632 0x000070d98c7c3e90 code [0x000070d98c7c4000, 0x000070d98c7c4210]
Event: 1.167 Thread 0x000070d99c1a0720  645       4       java.util.regex.Matcher::search (154 bytes)

GC Heap History (0 events):
No events

Dll operation events (3 events):
Event: 0.002 Loaded shared library /home/mfennelly/.jdks/openjdk-22.0.2/lib/libjava.so
Event: 0.031 Loaded shared library /home/mfennelly/.jdks/openjdk-22.0.2/lib/libjsvml.so
Event: 0.034 Loaded shared library /home/mfennelly/ise/comp-org/cs4421/project/libsysinfo/libsysinfo.so

Deoptimization events (0 events):
No events

Classes loaded (10 events):
Event: 0.027 Loading class sun/nio/cs/UTF_8$Encoder
Event: 0.027 Loading class sun/nio/cs/UTF_8$Encoder done
Event: 0.031 Loading class jdk/internal/vm/PostVMInitHook
Event: 0.031 Loading class jdk/internal/vm/PostVMInitHook done
Event: 0.032 Loading class jdk/internal/loader/URLClassPath$FileLoader
Event: 0.032 Loading class jdk/internal/loader/URLClassPath$FileLoader done
Event: 0.032 Loading class jdk/internal/loader/URLClassPath$FileLoader$1
Event: 0.032 Loading class jdk/internal/loader/URLClassPath$FileLoader$1 done
Event: 1.107 Loading class java/util/Formatter$FixedString
Event: 1.107 Loading class java/util/Formatter$FixedString done

Classes unloaded (0 events):
No events

Classes redefined (0 events):
No events

Internal exceptions (0 events):
No events

ZGC Phase Switch (0 events):
No events

VM Operations (2 events):
Event: 1.023 Executing VM operation: Cleanup
Event: 1.023 Executing VM operation: Cleanup done

Memory protections (16 events):
Event: 0.002 Protecting memory [0x000070d9a3300000,0x000070d9a3304000] with protection modes 0
Event: 0.028 Protecting memory [0x000070d978b00000,0x000070d978b04000] with protection modes 0
Event: 0.028 Protecting memory [0x000070d978a00000,0x000070d978a04000] with protection modes 0
Event: 0.029 Protecting memory [0x000070d978900000,0x000070d978904000] with protection modes 0
Event: 0.029 Protecting memory [0x000070d978800000,0x000070d978804000] with protection modes 0
Event: 0.029 Protecting memory [0x000070d978700000,0x000070d978704000] with protection modes 0
Event: 0.029 Protecting memory [0x000070d978600000,0x000070d978604000] with protection modes 0
Event: 0.029 Protecting memory [0x000070d978500000,0x000070d978504000] with protection modes 0
Event: 0.031 Protecting memory [0x000070d978400000,0x000070d978404000] with protection modes 0
Event: 0.032 Protecting memory [0x000070d978300000,0x000070d978304000] with protection modes 0
Event: 0.067 Protecting memory [0x000070d9780fb000,0x000070d9780ff000] with protection modes 0
Event: 0.070 Protecting memory [0x000070d96ff00000,0x000070d96ff04000] with protection modes 0
Event: 1.095 Protecting memory [0x000070d9780fb000,0x000070d9780ff000] with protection modes 0
Event: 1.148 Protecting memory [0x000070d96ff00000,0x000070d96ff04000] with protection modes 0
Event: 1.148 Protecting memory [0x000070d96fb00000,0x000070d96fb04000] with protection modes 0
Event: 1.153 Protecting memory [0x000070d96fa00000,0x000070d96fa04000] with protection modes 0

Nmethod flushes (0 events):
No events

Events (18 events):
Event: 0.019 Thread 0x000070d99c02bdb0 Thread added: 0x000070d99c02bdb0
Event: 0.028 Thread 0x000070d99c02bdb0 Thread added: 0x000070d99c198f50
Event: 0.028 Thread 0x000070d99c02bdb0 Thread added: 0x000070d99c19a3a0
Event: 0.029 Thread 0x000070d99c02bdb0 Thread added: 0x000070d99c19bfa0
Event: 0.029 Thread 0x000070d99c02bdb0 Thread added: 0x000070d99c19d5e0
Event: 0.029 Thread 0x000070d99c02bdb0 Thread added: 0x000070d99c19eb80
Event: 0.029 Thread 0x000070d99c02bdb0 Thread added: 0x000070d99c1a0720
Event: 0.029 Thread 0x000070d99c02bdb0 Thread added: 0x000070d99c1a1e30
Event: 0.031 Thread 0x000070d99c02bdb0 Thread added: 0x000070d99c1aff60
Event: 0.032 Thread 0x000070d99c02bdb0 Thread added: 0x000070d99c1bb820
Event: 0.067 Thread 0x000070d99c1a1e30 Thread added: 0x000070d8e8024b20
Event: 0.070 Thread 0x000070d99c1a1e30 Thread added: 0x000070d8e80764d0
Event: 1.092 Thread 0x000070d8e80764d0 Thread exited: 0x000070d8e80764d0
Event: 1.092 Thread 0x000070d8e8024b20 Thread exited: 0x000070d8e8024b20
Event: 1.095 Thread 0x000070d99c1a1e30 Thread added: 0x000070d8e8076420
Event: 1.148 Thread 0x000070d8e8076420 Thread added: 0x000070d8d4009fe0
Event: 1.148 Thread 0x000070d8e8076420 Thread added: 0x000070d8d400ac70
Event: 1.153 Thread 0x000070d8d400ac70 Thread added: 0x000070d8c8002270


Dynamic libraries:
70a600000-719c00000 rw-p 00000000 00:00 0 
719c00000-7ffe00000 ---p 00000000 00:00 0 
7ffe00000-7fff09000 rw-p 00cb7000 103:05 5793510                         /home/mfennelly/.jdks/openjdk-22.0.2/lib/server/classes.jsa
7fff09000-800000000 rw-p 00000000 00:00 0 
5af1d0e15000-5af1d0e16000 r-xp 00000000 103:05 5793013                   /home/mfennelly/.jdks/openjdk-22.0.2/bin/java
5af1d0e17000-5af1d0e18000 r--p 00001000 103:05 5793013                   /home/mfennelly/.jdks/openjdk-22.0.2/bin/java
5af1d0e18000-5af1d0e19000 rw-p 00002000 103:05 5793013                   /home/mfennelly/.jdks/openjdk-22.0.2/bin/java
5af1d0eb1000-5af1d0ef8000 rw-p 00000000 00:00 0                          [heap]
70d8c4000000-70d8c44a2000 rw-p 00000000 00:00 0 
70d8c44a2000-70d8c8000000 ---p 00000000 00:00 0 
70d8c8000000-70d8c8021000 rw-p 00000000 00:00 0 
70d8c8021000-70d8cc000000 ---p 00000000 00:00 0 
70d8d0000000-70d8d0056000 rw-p 00000000 00:00 0 
70d8d0056000-70d8d4000000 ---p 00000000 00:00 0 
70d8d4000000-70d8d40e8000 rw-p 00000000 00:00 0 
70d8d40e8000-70d8d8000000 ---p 00000000 00:00 0 
70d8dc000000-70d8dc021000 rw-p 00000000 00:00 0 
70d8dc021000-70d8e0000000 ---p 00000000 00:00 0 
70d8e0000000-70d8e0021000 rw-p 00000000 00:00 0 
70d8e0021000-70d8e4000000 ---p 00000000 00:00 0 
70d8e8000000-70d8e80d3000 rw-p 00000000 00:00 0 
70d8e80d3000-70d8ec000000 ---p 00000000 00:00 0 
70d8ec000000-70d8ec660000 rw-p 00000000 00:00 0 
70d8ec660000-70d8f0000000 ---p 00000000 00:00 0 
70d8f4000000-70d8f4021000 rw-p 00000000 00:00 0 
70d8f4021000-70d8f8000000 ---p 00000000 00:00 0 
70d8f8000000-70d8f8021000 rw-p 00000000 00:00 0 
70d8f8021000-70d8fc000000 ---p 00000000 00:00 0 
70d900000000-70d900021000 rw-p 00000000 00:00 0 
70d900021000-70d904000000 ---p 00000000 00:00 0 
70d904000000-70d904021000 rw-p 00000000 00:00 0 
70d904021000-70d908000000 ---p 00000000 00:00 0 
70d90c000000-70d90c021000 rw-p 00000000 00:00 0 
70d90c021000-70d910000000 ---p 00000000 00:00 0 
70d910000000-70d910021000 rw-p 00000000 00:00 0 
70d910021000-70d914000000 ---p 00000000 00:00 0 
70d918000000-70d9180a0000 rw-p 00000000 00:00 0 
70d9180a0000-70d918400000 ---p 00000000 00:00 0 
70d918400000-70d918440000 rw-p 00000000 00:00 0 
70d918440000-70d91c000000 ---p 00000000 00:00 0 
70d91c000000-70d91c021000 rw-p 00000000 00:00 0 
70d91c021000-70d920000000 ---p 00000000 00:00 0 
70d922000000-70d922c78000 rw-p 00001000 103:05 5793510                   /home/mfennelly/.jdks/openjdk-22.0.2/lib/server/classes.jsa
70d922c78000-70d923000000 ---p 00000000 00:00 0 
70d923000000-70d923020000 rw-p 00000000 00:00 0 
70d923020000-70d923040000 ---p 00000000 00:00 0 
70d923040000-70d923050000 rw-p 00000000 00:00 0 
70d923050000-70d963000000 ---p 00000000 00:00 0 
70d964000000-70d964021000 rw-p 00000000 00:00 0 
70d964021000-70d968000000 ---p 00000000 00:00 0 
70d968000000-70d968021000 rw-p 00000000 00:00 0 
70d968021000-70d96c000000 ---p 00000000 00:00 0 
70d96f400000-70d96f6c3000 rw-p 00000000 00:00 0 
70d96f88a000-70d96fa00000 rw-p 00000000 00:00 0 
70d96fa00000-70d96fa04000 ---p 00000000 00:00 0 
70d96fa04000-70d96fb00000 rw-p 00000000 00:00 0 
70d96fb00000-70d96fb04000 ---p 00000000 00:00 0 
70d96fb04000-70d96fc00000 rw-p 00000000 00:00 0 
70d96fc00000-70d96fc9a000 r--p 00000000 103:05 3698251                   /usr/lib/x86_64-linux-gnu/libstdc++.so.6.0.30
70d96fc9a000-70d96fdab000 r-xp 0009a000 103:05 3698251                   /usr/lib/x86_64-linux-gnu/libstdc++.so.6.0.30
70d96fdab000-70d96fe1a000 r--p 001ab000 103:05 3698251                   /usr/lib/x86_64-linux-gnu/libstdc++.so.6.0.30
70d96fe1a000-70d96fe1b000 ---p 0021a000 103:05 3698251                   /usr/lib/x86_64-linux-gnu/libstdc++.so.6.0.30
70d96fe1b000-70d96fe26000 r--p 0021a000 103:05 3698251                   /usr/lib/x86_64-linux-gnu/libstdc++.so.6.0.30
70d96fe26000-70d96fe29000 rw-p 00225000 103:05 3698251                   /usr/lib/x86_64-linux-gnu/libstdc++.so.6.0.30
70d96fe29000-70d96fe2c000 rw-p 00000000 00:00 0 
70d96ff00000-70d96ff04000 ---p 00000000 00:00 0 
70d96ff04000-70d970000000 rw-p 00000000 00:00 0 
70d970000000-70d970021000 rw-p 00000000 00:00 0 
70d970021000-70d974000000 ---p 00000000 00:00 0 
70d974000000-70d974021000 rw-p 00000000 00:00 0 
70d974021000-70d978000000 ---p 00000000 00:00 0 
70d9780fb000-70d9780ff000 ---p 00000000 00:00 0 
70d9780ff000-70d9781fb000 rw-p 00000000 00:00 0 
70d9781fb000-70d978201000 r--p 00000000 103:05 5927834                   /home/mfennelly/ise/comp-org/cs4421/project/libsysinfo/libsysinfo.so
70d978201000-70d978206000 r-xp 00006000 103:05 5927834                   /home/mfennelly/ise/comp-org/cs4421/project/libsysinfo/libsysinfo.so
70d978206000-70d978208000 r--p 0000b000 103:05 5927834                   /home/mfennelly/ise/comp-org/cs4421/project/libsysinfo/libsysinfo.so
70d978208000-70d978209000 r--p 0000c000 103:05 5927834                   /home/mfennelly/ise/comp-org/cs4421/project/libsysinfo/libsysinfo.so
70d978209000-70d97820a000 rw-p 0000d000 103:05 5927834                   /home/mfennelly/ise/comp-org/cs4421/project/libsysinfo/libsysinfo.so
70d97820a000-70d978300000 rw-p 00000000 00:00 0 
70d978300000-70d978304000 ---p 00000000 00:00 0 
70d978304000-70d978400000 rw-p 00000000 00:00 0 
70d978400000-70d978404000 ---p 00000000 00:00 0 
70d978404000-70d978500000 rw-p 00000000 00:00 0 
70d978500000-70d978504000 ---p 00000000 00:00 0 
70d978504000-70d978600000 rw-p 00000000 00:00 0 
70d978600000-70d978604000 ---p 00000000 00:00 0 
70d978604000-70d978700000 rw-p 00000000 00:00 0 
70d978700000-70d978704000 ---p 00000000 00:00 0 
70d978704000-70d978800000 rw-p 00000000 00:00 0 
70d978800000-70d978804000 ---p 00000000 00:00 0 
70d978804000-70d978900000 rw-p 00000000 00:00 0 
70d978900000-70d978904000 ---p 00000000 00:00 0 
70d978904000-70d978a00000 rw-p 00000000 00:00 0 
70d978a00000-70d978a04000 ---p 00000000 00:00 0 
70d978a04000-70d978b00000 rw-p 00000000 00:00 0 
70d978b00000-70d978b04000 ---p 00000000 00:00 0 
70d978b04000-70d978c00000 rw-p 00000000 00:00 0 
70d978c00000-70d979173000 r--p 00000000 103:05 3672159                   /usr/lib/locale/locale-archive
70d9791f2000-70d9791f3000 ---p 00000000 00:00 0 
70d9791f3000-70d9792f3000 rw-p 00000000 00:00 0 
70d9792f3000-70d9792f4000 ---p 00000000 00:00 0 
70d9792f4000-70d9793f4000 rw-p 00000000 00:00 0 
70d9793f4000-70d9793f5000 ---p 00000000 00:00 0 
70d9793f5000-70d9794f5000 rw-p 00000000 00:00 0 
70d9794f5000-70d9794f6000 ---p 00000000 00:00 0 
70d9794f6000-70d9795f6000 rw-p 00000000 00:00 0 
70d9795f6000-70d97c000000 rw-p 00000000 00:00 0 
70d97c000000-70d97c021000 rw-p 00000000 00:00 0 
70d97c021000-70d980000000 ---p 00000000 00:00 0 
70d98002b000-70d9800f9000 r-xp 00000000 103:05 5793483                   /home/mfennelly/.jdks/openjdk-22.0.2/lib/libjsvml.so
70d9800f9000-70d9800fa000 r--p 000cd000 103:05 5793483                   /home/mfennelly/.jdks/openjdk-22.0.2/lib/libjsvml.so
70d9800fa000-70d9800fb000 rw-p 000ce000 103:05 5793483                   /home/mfennelly/.jdks/openjdk-22.0.2/lib/libjsvml.so
70d9800fb000-70d9809d8000 rw-p 00000000 00:00 0 
70d9809d8000-70d984360000 ---p 00000000 00:00 0 
70d984360000-70d984368000 rw-p 00000000 00:00 0 
70d9843bf000-70d98447b000 rw-p 00000000 00:00 0 
70d98447b000-70d984bac000 ---p 00000000 00:00 0 
70d984bac000-70d984bad000 rw-p 00000000 00:00 0 
70d984bbf000-70d984c00000 rw-p 00000000 00:00 0 
70d984c00000-70d984e70000 rwxp 00000000 00:00 0 
70d984e70000-70d98c05f000 ---p 00000000 00:00 0 
70d98c05f000-70d98c3cf000 rwxp 00000000 00:00 0 
70d98c3cf000-70d98c7a0000 ---p 00000000 00:00 0 
70d98c7a0000-70d98ca10000 rwxp 00000000 00:00 0 
70d98ca10000-70d993c00000 ---p 00000000 00:00 0 
70d993c00000-70d99bfb9000 r--s 00000000 103:05 5793501                   /home/mfennelly/.jdks/openjdk-22.0.2/lib/modules
70d99bfbe000-70d99c000000 rw-p 00000000 00:00 0 
70d99c000000-70d99c25f000 rw-p 00000000 00:00 0 
70d99c25f000-70d9a0000000 ---p 00000000 00:00 0 
70d9a0000000-70d9a00fd000 rw-p 00000000 00:00 0 
70d9a00fd000-70d9a00fe000 ---p 00000000 00:00 0 
70d9a00fe000-70d9a01fe000 rw-p 00000000 00:00 0 
70d9a01fe000-70d9a01ff000 ---p 00000000 00:00 0 
70d9a01ff000-70d9a02ff000 rw-p 00000000 00:00 0 
70d9a02ff000-70d9a0300000 ---p 00000000 00:00 0 
70d9a0300000-70d9a0400000 rw-p 00000000 00:00 0 
70d9a0400000-70d9a047b000 rw-p 00000000 00:00 0 
70d9a047b000-70d9a0bac000 ---p 00000000 00:00 0 
70d9a0bac000-70d9a0bad000 rw-p 00000000 00:00 0 
70d9a0bc4000-70d9a0bc7000 r--p 00000000 103:05 3697463                   /usr/lib/x86_64-linux-gnu/libgcc_s.so.1
70d9a0bc7000-70d9a0bde000 r-xp 00003000 103:05 3697463                   /usr/lib/x86_64-linux-gnu/libgcc_s.so.1
70d9a0bde000-70d9a0be2000 r--p 0001a000 103:05 3697463                   /usr/lib/x86_64-linux-gnu/libgcc_s.so.1
70d9a0be2000-70d9a0be3000 r--p 0001d000 103:05 3697463                   /usr/lib/x86_64-linux-gnu/libgcc_s.so.1
70d9a0be3000-70d9a0be4000 rw-p 0001e000 103:05 3697463                   /usr/lib/x86_64-linux-gnu/libgcc_s.so.1
70d9a0be4000-70d9a1c33000 rw-p 00000000 00:00 0 
70d9a1c33000-70d9a1d17000 ---p 00000000 00:00 0 
70d9a1d17000-70d9a1d1c000 rw-p 00000000 00:00 0 
70d9a1d1c000-70d9a1e00000 ---p 00000000 00:00 0 
70d9a1e00000-70d9a3140000 r-xp 00000000 103:05 5793513                   /home/mfennelly/.jdks/openjdk-22.0.2/lib/server/libjvm.so
70d9a3140000-70d9a3141000 ---p 01340000 103:05 5793513                   /home/mfennelly/.jdks/openjdk-22.0.2/lib/server/libjvm.so
70d9a3141000-70d9a320e000 r--p 01340000 103:05 5793513                   /home/mfennelly/.jdks/openjdk-22.0.2/lib/server/libjvm.so
70d9a320e000-70d9a323c000 rw-p 0140d000 103:05 5793513                   /home/mfennelly/.jdks/openjdk-22.0.2/lib/server/libjvm.so
70d9a323c000-70d9a32b2000 rw-p 00000000 00:00 0 
70d9a32cd000-70d9a32d4000 rw-p 00000000 00:00 0 
70d9a32d4000-70d9a32dc000 ---p 00000000 00:00 0 
70d9a32dc000-70d9a32fc000 r-xp 00000000 103:05 5793475                   /home/mfennelly/.jdks/openjdk-22.0.2/lib/libjava.so
70d9a32fc000-70d9a32fd000 ---p 00020000 103:05 5793475                   /home/mfennelly/.jdks/openjdk-22.0.2/lib/libjava.so
70d9a32fd000-70d9a32fe000 r--p 00020000 103:05 5793475                   /home/mfennelly/.jdks/openjdk-22.0.2/lib/libjava.so
70d9a32fe000-70d9a32ff000 rw-p 00021000 103:05 5793475                   /home/mfennelly/.jdks/openjdk-22.0.2/lib/libjava.so
70d9a32ff000-70d9a3300000 rw-p 00000000 00:00 0 
70d9a3300000-70d9a3304000 ---p 00000000 00:00 0 
70d9a3304000-70d9a3400000 rw-p 00000000 00:00 0 
70d9a3400000-70d9a3428000 r--p 00000000 103:05 3670540                   /usr/lib/x86_64-linux-gnu/libc.so.6
70d9a3428000-70d9a35bd000 r-xp 00028000 103:05 3670540                   /usr/lib/x86_64-linux-gnu/libc.so.6
70d9a35bd000-70d9a3615000 r--p 001bd000 103:05 3670540                   /usr/lib/x86_64-linux-gnu/libc.so.6
70d9a3615000-70d9a3616000 ---p 00215000 103:05 3670540                   /usr/lib/x86_64-linux-gnu/libc.so.6
70d9a3616000-70d9a361a000 r--p 00215000 103:05 3670540                   /usr/lib/x86_64-linux-gnu/libc.so.6
70d9a361a000-70d9a361c000 rw-p 00219000 103:05 3670540                   /usr/lib/x86_64-linux-gnu/libc.so.6
70d9a361c000-70d9a3629000 rw-p 00000000 00:00 0 
70d9a362d000-70d9a364b000 r-xp 00000000 103:05 5793479                   /home/mfennelly/.jdks/openjdk-22.0.2/lib/libjimage.so
70d9a364b000-70d9a364d000 r--p 0001d000 103:05 5793479                   /home/mfennelly/.jdks/openjdk-22.0.2/lib/libjimage.so
70d9a364d000-70d9a364e000 rw-p 0001f000 103:05 5793479                   /home/mfennelly/.jdks/openjdk-22.0.2/lib/libjimage.so
70d9a364e000-70d9a365c000 r--p 00000000 103:05 3670827                   /usr/lib/x86_64-linux-gnu/libm.so.6
70d9a365c000-70d9a36d8000 r-xp 0000e000 103:05 3670827                   /usr/lib/x86_64-linux-gnu/libm.so.6
70d9a36d8000-70d9a3733000 r--p 0008a000 103:05 3670827                   /usr/lib/x86_64-linux-gnu/libm.so.6
70d9a3733000-70d9a3734000 r--p 000e4000 103:05 3670827                   /usr/lib/x86_64-linux-gnu/libm.so.6
70d9a3734000-70d9a3735000 rw-p 000e5000 103:05 3670827                   /usr/lib/x86_64-linux-gnu/libm.so.6
70d9a3735000-70d9a3736000 r--p 00000000 103:05 3672169                   /usr/lib/x86_64-linux-gnu/librt.so.1
70d9a3736000-70d9a3737000 r-xp 00001000 103:05 3672169                   /usr/lib/x86_64-linux-gnu/librt.so.1
70d9a3737000-70d9a3738000 r--p 00002000 103:05 3672169                   /usr/lib/x86_64-linux-gnu/librt.so.1
70d9a3738000-70d9a3739000 r--p 00002000 103:05 3672169                   /usr/lib/x86_64-linux-gnu/librt.so.1
70d9a3739000-70d9a373a000 rw-p 00003000 103:05 3672169                   /usr/lib/x86_64-linux-gnu/librt.so.1
70d9a373a000-70d9a373e000 rw-p 00000000 00:00 0 
70d9a373e000-70d9a373f000 r--p 00000000 103:05 3670628                   /usr/lib/x86_64-linux-gnu/libdl.so.2
70d9a373f000-70d9a3740000 r-xp 00001000 103:05 3670628                   /usr/lib/x86_64-linux-gnu/libdl.so.2
70d9a3740000-70d9a3741000 r--p 00002000 103:05 3670628                   /usr/lib/x86_64-linux-gnu/libdl.so.2
70d9a3741000-70d9a3742000 r--p 00002000 103:05 3670628                   /usr/lib/x86_64-linux-gnu/libdl.so.2
70d9a3742000-70d9a3743000 rw-p 00003000 103:05 3670628                   /usr/lib/x86_64-linux-gnu/libdl.so.2
70d9a3743000-70d9a3744000 r--p 00000000 103:05 3672162                   /usr/lib/x86_64-linux-gnu/libpthread.so.0
70d9a3744000-70d9a3745000 r-xp 00001000 103:05 3672162                   /usr/lib/x86_64-linux-gnu/libpthread.so.0
70d9a3745000-70d9a3746000 r--p 00002000 103:05 3672162                   /usr/lib/x86_64-linux-gnu/libpthread.so.0
70d9a3746000-70d9a3747000 r--p 00002000 103:05 3672162                   /usr/lib/x86_64-linux-gnu/libpthread.so.0
70d9a3747000-70d9a3748000 rw-p 00003000 103:05 3672162                   /usr/lib/x86_64-linux-gnu/libpthread.so.0
70d9a3748000-70d9a3756000 r-xp 00000000 103:05 5793480                   /home/mfennelly/.jdks/openjdk-22.0.2/lib/libjli.so
70d9a3756000-70d9a3757000 r--p 0000e000 103:05 5793480                   /home/mfennelly/.jdks/openjdk-22.0.2/lib/libjli.so
70d9a3757000-70d9a3758000 rw-p 0000f000 103:05 5793480                   /home/mfennelly/.jdks/openjdk-22.0.2/lib/libjli.so
70d9a3758000-70d9a375a000 r--p 00000000 103:05 3698521                   /usr/lib/x86_64-linux-gnu/libz.so.1.2.11
70d9a375a000-70d9a376b000 r-xp 00002000 103:05 3698521                   /usr/lib/x86_64-linux-gnu/libz.so.1.2.11
70d9a376b000-70d9a3771000 r--p 00013000 103:05 3698521                   /usr/lib/x86_64-linux-gnu/libz.so.1.2.11
70d9a3771000-70d9a3772000 ---p 00019000 103:05 3698521                   /usr/lib/x86_64-linux-gnu/libz.so.1.2.11
70d9a3772000-70d9a3773000 r--p 00019000 103:05 3698521                   /usr/lib/x86_64-linux-gnu/libz.so.1.2.11
70d9a3773000-70d9a3774000 rw-p 0001a000 103:05 3698521                   /usr/lib/x86_64-linux-gnu/libz.so.1.2.11
70d9a377a000-70d9a377b000 r--p 00000000 103:05 4196497                   /usr/share/locale-langpack/en_GB/LC_MESSAGES/libc.mo
70d9a377b000-70d9a3782000 r--s 00000000 103:05 3725143                   /usr/lib/x86_64-linux-gnu/gconv/gconv-modules.cache
70d9a3782000-70d9a378a000 rw-s 00000000 103:05 2490784                   /tmp/hsperfdata_mfennelly/362068
70d9a378a000-70d9a378b000 ---p 00000000 00:00 0 
70d9a378b000-70d9a378c000 r--p 00000000 00:00 0 
70d9a378c000-70d9a378e000 rw-p 00000000 00:00 0 
70d9a378e000-70d9a3790000 r--p 00000000 103:05 3670534                   /usr/lib/x86_64-linux-gnu/ld-linux-x86-64.so.2
70d9a3790000-70d9a37ba000 r-xp 00002000 103:05 3670534                   /usr/lib/x86_64-linux-gnu/ld-linux-x86-64.so.2
70d9a37ba000-70d9a37c5000 r--p 0002c000 103:05 3670534                   /usr/lib/x86_64-linux-gnu/ld-linux-x86-64.so.2
70d9a37c5000-70d9a37c6000 ---p 00000000 00:00 0 
70d9a37c6000-70d9a37c8000 r--p 00037000 103:05 3670534                   /usr/lib/x86_64-linux-gnu/ld-linux-x86-64.so.2
70d9a37c8000-70d9a37ca000 rw-p 00039000 103:05 3670534                   /usr/lib/x86_64-linux-gnu/ld-linux-x86-64.so.2
7ffdcbc6c000-7ffdcbc8d000 rw-p 00000000 00:00 0                          [stack]
7ffdcbdf4000-7ffdcbdf8000 r--p 00000000 00:00 0                          [vvar]
7ffdcbdf8000-7ffdcbdfa000 r-xp 00000000 00:00 0                          [vdso]
ffffffffff600000-ffffffffff601000 --xp 00000000 00:00 0                  [vsyscall]
Total number of mappings: 218


VM Arguments:
jvm_args: -Djava.library.path=libsysinfo 
java_command: template
java_class_path (initial): .
Launcher Type: SUN_STANDARD

[Global flags]
     intx CICompilerCount                          = 12                                        {product} {ergonomic}
     uint ConcGCThreads                            = 4                                         {product} {ergonomic}
     uint G1ConcRefinementThreads                  = 15                                        {product} {ergonomic}
   size_t G1HeapRegionSize                         = 2097152                                   {product} {ergonomic}
   size_t InitialHeapSize                          = 257949696                                 {product} {ergonomic}
   size_t MarkStackSize                            = 4194304                                   {product} {ergonomic}
   size_t MaxHeapSize                              = 4120903680                                {product} {ergonomic}
   size_t MaxNewSize                               = 2472542208                                {product} {ergonomic}
   size_t MinHeapDeltaBytes                        = 2097152                                   {product} {ergonomic}
   size_t MinHeapSize                              = 8388608                                   {product} {ergonomic}
    uintx NonNMethodCodeHeapSize                   = 7602480                                {pd product} {ergonomic}
    uintx NonProfiledCodeHeapSize                  = 122027880                              {pd product} {ergonomic}
    uintx ProfiledCodeHeapSize                     = 122027880                              {pd product} {ergonomic}
    uintx ReservedCodeCacheSize                    = 251658240                              {pd product} {ergonomic}
     bool SegmentedCodeCache                       = true                                      {product} {ergonomic}
   size_t SoftMaxHeapSize                          = 4120903680                             {manageable} {ergonomic}
     bool UseCompressedOops                        = true                           {product lp64_product} {ergonomic}
     bool UseG1GC                                  = true                                      {product} {ergonomic}

Logging:
Log output configuration:
 #0: stdout all=warning uptime,level,tags foldmultilines=false
 #1: stderr all=off uptime,level,tags foldmultilines=false

Environment Variables:
JAVA_HOME=/home/mfennelly/.jdks/openjdk-22.0.2
PATH=/home/mfennelly/.jdks/openjdk-22.0.2/bin:/home/mfennelly/.nvm/versions/node/v16.20.2/bin:/home/mfennelly/anaconda3/bin:/home/mfennelly/anaconda3/condabin:/usr/local/sbin:/usr/local/bin:/usr/sbin:/usr/bin:/sbin:/bin:/usr/games:/usr/local/games:/snap/bin:/snap/bin
USERNAME=mfennelly
SHELL=/usr/bin/zsh
DISPLAY=:0
LANG=en_GB.UTF-8
TERM=xterm-256color

Active Locale:
LC_ALL=en_GB.UTF-8
LC_COLLATE=en_GB.UTF-8
LC_CTYPE=en_GB.UTF-8
LC_MESSAGES=en_GB.UTF-8
LC_MONETARY=en_GB.UTF-8
LC_NUMERIC=en_GB.UTF-8
LC_TIME=en_GB.UTF-8

Signal Handlers:
   SIGSEGV: crash_handler in libjvm.so, mask=11100100010111111101111111111110, flags=SA_RESTART|SA_SIGINFO, unblocked
    SIGBUS: crash_handler in libjvm.so, mask=11100100010111111101111111111110, flags=SA_RESTART|SA_SIGINFO, unblocked
    SIGFPE: crash_handler in libjvm.so, mask=11100100010111111101111111111110, flags=SA_RESTART|SA_SIGINFO, unblocked
   SIGPIPE: javaSignalHandler in libjvm.so, mask=11100100010111111101111111111110, flags=SA_RESTART|SA_SIGINFO, blocked
   SIGXFSZ: javaSignalHandler in libjvm.so, mask=11100100010111111101111111111110, flags=SA_RESTART|SA_SIGINFO, blocked
    SIGILL: crash_handler in libjvm.so, mask=11100100010111111101111111111110, flags=SA_RESTART|SA_SIGINFO, unblocked
   SIGUSR2: SR_handler in libjvm.so, mask=00000000000000000000000000000000, flags=SA_RESTART|SA_SIGINFO, blocked
    SIGHUP: UserHandler in libjvm.so, mask=11100100010111111101111111111110, flags=SA_RESTART|SA_SIGINFO, blocked
    SIGINT: UserHandler in libjvm.so, mask=11100100010111111101111111111110, flags=SA_RESTART|SA_SIGINFO, blocked
   SIGTERM: UserHandler in libjvm.so, mask=11100100010111111101111111111110, flags=SA_RESTART|SA_SIGINFO, blocked
   SIGQUIT: UserHandler in libjvm.so, mask=11100100010111111101111111111110, flags=SA_RESTART|SA_SIGINFO, blocked
   SIGTRAP: crash_handler in libjvm.so, mask=11100100010111111101111111111110, flags=SA_RESTART|SA_SIGINFO, unblocked


Periodic native trim disabled

---------------  S Y S T E M  ---------------

OS:
DISTRIB_ID=Ubuntu
DISTRIB_RELEASE=22.04
DISTRIB_CODENAME=jammy
DISTRIB_DESCRIPTION="Ubuntu 22.04.3 LTS"
uname: Linux 6.8.0-45-generic #45~22.04.1-Ubuntu SMP PREEMPT_DYNAMIC Wed Sep 11 15:25:05 UTC 2 x86_64
OS uptime: 5 days 7:18 hours
libc: glibc 2.35 NPTL 2.35 
rlimit (soft/hard): STACK 8192k/infinity , CORE 0k/infinity , NPROC 62551/62551 , NOFILE 1048576/1048576 , AS infinity/infinity , CPU infinity/infinity , DATA infinity/infinity , FSIZE infinity/infinity , MEMLOCK 2011356k/2011356k
load average: 0.55 0.62 0.58

/proc/meminfo:
MemTotal:       16090856 kB
MemFree:          394880 kB
MemAvailable:    3810532 kB
Buffers:          228472 kB
Cached:          6241864 kB
SwapCached:            0 kB
Active:          6075468 kB
Inactive:        6360128 kB
Active(anon):    4387196 kB
Inactive(anon):  4518312 kB
Active(file):    1688272 kB
Inactive(file):  1841816 kB
Unevictable:     2175744 kB
Mlocked:             176 kB
SwapTotal:             0 kB
SwapFree:              0 kB
Zswap:                 0 kB
Zswapped:              0 kB
Dirty:               896 kB
Writeback:             0 kB
AnonPages:       8141160 kB
Mapped:          1399784 kB
Shmem:           2940248 kB
KReclaimable:     230420 kB
Slab:             610460 kB
SReclaimable:     230420 kB
SUnreclaim:       380040 kB
KernelStack:       31632 kB
PageTables:        90296 kB
SecPageTables:         0 kB
NFS_Unstable:          0 kB
Bounce:                0 kB
WritebackTmp:          0 kB
CommitLimit:     8045428 kB
Committed_AS:   28077808 kB
VmallocTotal:   34359738367 kB
VmallocUsed:       89096 kB
VmallocChunk:          0 kB
Percpu:            24720 kB
HardwareCorrupted:     0 kB
AnonHugePages:         0 kB
ShmemHugePages:  1720320 kB
ShmemPmdMapped:        0 kB
FileHugePages:         0 kB
FilePmdMapped:         0 kB
Unaccepted:            0 kB
HugePages_Total:       0
HugePages_Free:        0
HugePages_Rsvd:        0
HugePages_Surp:        0
Hugepagesize:       2048 kB
Hugetlb:               0 kB
DirectMap4k:      675072 kB
DirectMap2M:    11626496 kB
DirectMap1G:     4194304 kB

/sys/kernel/mm/transparent_hugepage/enabled: always [madvise] never
/sys/kernel/mm/transparent_hugepage/hpage_pmd_size: 2097152
/sys/kernel/mm/transparent_hugepage/shmem_enabled: always within_size advise [never] deny force
/sys/kernel/mm/transparent_hugepage/defrag (defrag/compaction efforts parameter): always defer defer+madvise [madvise] never

Process Memory:
Virtual Size: 7120196K (peak: 7120712K)
Resident Set Size: 66104K (peak: 66104K) (anon: 43568K, file: 22536K, shmem: 0K)
Swapped out: 0K
C-Heap outstanding allocations: 55224K, retained: 2131K
glibc malloc tunables: (default)

/proc/sys/kernel/threads-max (system-wide limit on the number of threads): 125103
/proc/sys/vm/max_map_count (maximum number of memory map areas a process may have): 65530
/proc/sys/vm/swappiness (control to define how aggressively the kernel swaps out anonymous memory): 60
/proc/sys/kernel/pid_max (system-wide limit on number of process identifiers): 4194304

container (cgroup) information:
container_type: cgroupv2
cpu_cpuset_cpus: not supported
cpu_memory_nodes: not supported
active_processor_count: 20
cpu_quota: not supported
cpu_period: not supported
cpu_shares: not supported
memory_limit_in_bytes: unlimited
memory_and_swap_limit_in_bytes: unlimited
memory_soft_limit_in_bytes: unlimited
memory_usage_in_bytes: 116576 k
memory_max_usage_in_bytes: not supported
memory_swap_current_in_bytes: unlimited
memory_swap_max_limit_in_bytes: unlimited
maximum number of tasks: 18765
current number of tasks: 24

Steal ticks since vm start: 0
Steal ticks percentage since vm start:  0.000

CPU: total 20 (initial active 20) (10 cores per cpu, 2 threads per core) family 6 model 186 stepping 2 microcode 0x4122, cx8, cmov, fxsr, ht, mmx, 3dnowpref, sse, sse2, sse3, ssse3, sse4.1, sse4.2, popcnt, lzcnt, tsc, tscinvbit, avx, avx2, aes, erms, clmul, bmi1, bmi2, adx, sha, fma, vzeroupper, clflush, clflushopt, clwb, serialize, rdtscp, rdpid, fsrm, f16c, pku, ospke, cet_ibt, cet_ss
CPU Model and flags from /proc/cpuinfo:
model name	: 13th Gen Intel(R) Core(TM) i7-13700H
flags		: fpu vme de pse tsc msr pae mce cx8 apic sep mtrr pge mca cmov pat pse36 clflush dts acpi mmx fxsr sse sse2 ss ht tm pbe syscall nx pdpe1gb rdtscp lm constant_tsc art arch_perfmon pebs bts rep_good nopl xtopology nonstop_tsc cpuid aperfmperf tsc_known_freq pni pclmulqdq dtes64 monitor ds_cpl vmx smx est tm2 ssse3 sdbg fma cx16 xtpr pdcm pcid sse4_1 sse4_2 x2apic movbe popcnt tsc_deadline_timer aes xsave avx f16c rdrand lahf_lm abm 3dnowprefetch cpuid_fault epb ssbd ibrs ibpb stibp ibrs_enhanced tpr_shadow flexpriority ept vpid ept_ad fsgsbase tsc_adjust bmi1 avx2 smep bmi2 erms invpcid rdseed adx smap clflushopt clwb intel_pt sha_ni xsaveopt xsavec xgetbv1 xsaves split_lock_detect user_shstk avx_vnni dtherm ida arat pln pts hwp hwp_notify hwp_act_window hwp_epp hwp_pkg_req hfi vnmi umip pku ospke waitpkg gfni vaes vpclmulqdq rdpid movdiri movdir64b fsrm md_clear serialize arch_lbr ibt flush_l1d arch_capabilities

Online cpus: 0-19
Offline cpus: 
BIOS frequency limitation: <Not Available>
Frequency switch latency (ns): 0
Available cpu frequencies: <Not Available>
Current governor: powersave
Core performance/turbo boost: <Not Available>

Memory: 4k page, physical 16090856k(3810532k free), swap 0k(0k free)
Page Sizes: 4k

vm_info: OpenJDK 64-Bit Server VM (22.0.2+9-70) for linux-amd64 JRE (22.0.2+9-70), built on 2024-06-04T16:52:23Z by "mach5one" with gcc 13.2.0

END.
